current directory: /home/runner/Socioniks/.bundle/ruby/2.5.0/gems/curses-1.4.2/ext/curses
/usr/bin/ruby2.5 -r ./siteconf20210701-321-5apzx6.rb extconf.rb
checking for tgetent() in -ltinfow... no
checking for tgetent() in -ltinfo... yes
checking for ncursesw/curses.h... no
checking for ncurses.h... yes
checking for initscr() in -lncursesw... no
checking for initscr() in -lncurses... yes
header: ncurses.h
library: ncurses
checking for beep()... yes
checking for bkgd()... yes
checking for bkgdset()... yes
checking for curs_set()... yes
checking for deleteln()... yes
checking for doupdate()... yes
checking for flash()... yes
checking for getbkgd()... yes
checking for getnstr()... yes
checking for init()... no
checking for init in ncurses.h... no
checking for isendwin()... yes
checking for keyname()... yes
checking for keypad()... yes
checking for resizeterm()... yes
checking for scrl()... yes
checking for set()... no
checking for set in ncurses.h... no
checking for setscrreg()... yes
checking for ungetch()... yes
checking for addnwstr()... no
checking for addnwstr in ncurses.h... no
checking for wattroff()... yes
checking for wattron()... yes
checking for wattrset()... yes
checking for wbkgd()... yes
checking for wbkgdset()... yes
checking for wdeleteln()... yes
checking for wgetnstr()... yes
checking for wresize()... yes
checking for wscrl()... yes
checking for wsetscrreg()... yes
checking for werase()... yes
checking for redrawwin()... yes
checking for waddnwstr()... no
checking for waddnwstr in ncurses.h... no
checking for mvderwin()... yes
checking for derwin()... yes
checking for touchwin()... yes
checking for untouchwin()... yes
checking for wtouchln()... yes
checking for is_linetouched()... yes
checking for is_wintouched()... yes
checking for def_prog_mode()... yes
checking for reset_prog_mode()... yes
checking for timeout()... yes
checking for wtimeout()... yes
checking for nodelay()... yes
checking for init_color()... yes
checking for wcolor_set()... yes
checking for use_default_colors()... yes
checking for assume_default_colors()... yes
checking for newpad()... yes
checking for unget_wch()... no
checking for unget_wch in ncurses.h... no
checking for get_wch()... no
checking for get_wch in ncurses.h... no
checking for wget_wch()... no
checking for wget_wch in ncurses.h... no
checking for PDC_get_key_modifiers()... no
checking for PDC_get_key_modifiers in ncurses.h... no
checking for convertible type of chtype... unsigned long
checking for _XOPEN_SOURCE_EXTENDED... yes
checking for ESCDELAY in ncurses.h... yes
checking for TABSIZE in ncurses.h... yes
checking for COLORS in ncurses.h... yes
checking for COLOR_PAIRS in ncurses.h... yes
checking for function curses_version in ncurses.h... yes
checking for variable curses_version in ncurses.h... no
checking for ncursesw/menu.h... no
checking for ncurses/menu.h... no
checking for curses/menu.h... no
checking for menu.h... yes
checking for new_menu() in -lmenuw... no
checking for new_menu() in -lmenu... yes
checking for ncursesw/form.h... no
checking for ncurses/form.h... no
checking for curses/form.h... no
checking for form.h... yes
checking for new_form() in -lformw... no
checking for new_form() in -lform... yes
checking for form_driver_w()... no
checking for sizeof(WINDOW) is available... yes
checking for sizeof(MEVENT) is available... yes
checking for sizeof(ITEM) is available... yes
checking for sizeof(MENU) is available... yes
checking for sizeof(FIELD) is available... yes
checking for sizeof(FORM) is available... yes
creating extconf.h
creating Makefile

current directory: /home/runner/Socioniks/.bundle/ruby/2.5.0/gems/curses-1.4.2/ext/curses
make "DESTDIR=" clean

current directory: /home/runner/Socioniks/.bundle/ruby/2.5.0/gems/curses-1.4.2/ext/curses
make "DESTDIR="
compiling curses.c
linking shared-object curses.so

current directory: /home/runner/Socioniks/.bundle/ruby/2.5.0/gems/curses-1.4.2/ext/curses
make "DESTDIR=" install
/usr/bin/install -c -m 0755 curses.so ./.gem.20210701-321-g73m78
